<?xml version="1.0" encoding="UTF-8"?>
<!-- Generated by org.testng.reporters.JUnitXMLReporter -->
<testsuite ignored="0" hostname="DESKTOP-QFQAVVB" failures="0" tests="4" name="BookTests" time="0.326" errors="0" timestamp="2024-11-01T16:06:36 PKT">
  <testcase classname="com.library.BookTest" name="testReturnBook" time="0.093"/>
  <testcase classname="com.library.BookTest" name="testBorrowBook" time="0.092"/>
  <testcase classname="com.library.BookTest" name="testBookCreation" time="0.079"/>
  <testcase classname="com.library.BookTest" name="testBookCreation" time="0.005"/>
</testsuite> <!-- BookTests -->
