<?xml version="1.0" encoding="UTF-8"?>
<!-- Generated by org.testng.reporters.JUnitXMLReporter -->
<testsuite ignored="0" hostname="DESKTOP-QFQAVVB" failures="0" tests="4" name="BookTests" time="0.126" errors="0" timestamp="2024-11-01T15:52:20 PKT">
  <testcase classname="com.library.BookTest" name="testBorrowBook" time="0.028"/>
  <testcase classname="com.library.BookTest" name="testReturnBook" time="0.028"/>
  <testcase classname="com.library.BookTest" name="testBookCreation" time="0.028"/>
  <testcase classname="com.library.BookTest" name="testBookCreation" time="0.006"/>
</testsuite> <!-- BookTests -->
